[debug] [2025-06-12T02:33:23.268Z] ----------------------------------------------------------------------
[debug] [2025-06-12T02:33:23.271Z] Command:       C:\Program Files\nodejs\node.exe C:\Users\uif32567\AppData\Roaming\npm\node_modules\firebase-tools\lib\bin\firebase.js init hosting
[debug] [2025-06-12T02:33:23.271Z] CLI Version:   14.6.0
[debug] [2025-06-12T02:33:23.271Z] Platform:      win32
[debug] [2025-06-12T02:33:23.271Z] Node Version:  v20.11.1
[debug] [2025-06-12T02:33:23.271Z] Time:          Wed Jun 11 2025 20:33:23 GMT-0600 (hora estándar central)
[debug] [2025-06-12T02:33:23.272Z] ----------------------------------------------------------------------
[debug] 
[debug] [2025-06-12T02:33:23.274Z] >>> [apiv2][query] GET https://firebase-public.firebaseio.com/cli.json [none]
[debug] [2025-06-12T02:33:23.505Z] > command requires scopes: ["email","openid","https://www.googleapis.com/auth/cloudplatformprojects.readonly","https://www.googleapis.com/auth/firebase","https://www.googleapis.com/auth/cloud-platform"]
[debug] [2025-06-12T02:33:23.505Z] > authorizing via signed-in user (dltjsun18@gmail.com)
[info] 
     ######## #### ########  ######## ########     ###     ######  ########
     ##        ##  ##     ## ##       ##     ##  ##   ##  ##       ##
     ######    ##  ########  ######   ########  #########  ######  ######
     ##        ##  ##    ##  ##       ##     ## ##     ##       ## ##
     ##       #### ##     ## ######## ########  ##     ##  ######  ########

You're about to initialize a Firebase project in this directory:

  C:\Users\uif32567\OneDrive - Continental AG\Desktop\DLC\3.-Earn Learning\2.-Diseño Web\Portfolio-CV\Portfolio-CV

Before we get started, keep in mind:

  * You are initializing within an existing Firebase project directory

[debug] [2025-06-12T02:33:23.685Z] *** [apiv2] error from fetch(https://firebase-public.firebaseio.com/cli.json, {"headers":{},"method":"GET"}): FetchError: request to https://firebase-public.firebaseio.com/cli.json failed, reason: unable to get local issuer certificate
[warn] !  Unable to fetch the CLI MOTD and remote config. This is not a fatal error, but may indicate an issue with your network connection. 
[debug] [2025-06-12T02:33:23.686Z] Failed to fetch MOTD FirebaseError: Failed to make request to https://firebase-public.firebaseio.com/cli.json
[info] 
=== Project Setup
[info] 
[info] First, let's associate this project directory with a Firebase project.
[info] You can create multiple project aliases by running firebase use --add, 
[info] but for now we'll just set up a default project.
[info] 
[debug] [2025-06-12T02:33:30.319Z] Using project from CLI flag: cv-david-lopez
[debug] [2025-06-12T02:33:30.320Z] Checked if tokens are valid: true, expires at: 1749698942993
[debug] [2025-06-12T02:33:30.320Z] Checked if tokens are valid: true, expires at: 1749698942993
[debug] [2025-06-12T02:33:30.320Z] >>> [apiv2][query] GET https://firebase.googleapis.com/v1beta1/projects/cv-david-lopez [none]
[debug] [2025-06-12T02:33:30.838Z] <<< [apiv2][status] GET https://firebase.googleapis.com/v1beta1/projects/cv-david-lopez 200
[debug] [2025-06-12T02:33:30.838Z] <<< [apiv2][body] GET https://firebase.googleapis.com/v1beta1/projects/cv-david-lopez {"projectId":"cv-david-lopez","projectNumber":"479109319629","displayName":"CV David Lopez","name":"projects/cv-david-lopez","resources":{"hostingSite":"cv-david-lopez"},"state":"ACTIVE","etag":"1_563aceea-1ea0-42f2-8715-44041b480563"}
[info] i  Using project cv-david-lopez (CV David Lopez) 
[info] 
=== Hosting Setup
[debug] [2025-06-12T02:33:30.855Z] Checked if tokens are valid: true, expires at: 1749698942993
[debug] [2025-06-12T02:33:30.855Z] Checked if tokens are valid: true, expires at: 1749698942993
[debug] [2025-06-12T02:33:30.855Z] >>> [apiv2][query] GET https://firebase.googleapis.com/v1beta1/projects/cv-david-lopez [none]
[debug] [2025-06-12T02:33:31.137Z] <<< [apiv2][status] GET https://firebase.googleapis.com/v1beta1/projects/cv-david-lopez 200
[debug] [2025-06-12T02:33:31.137Z] <<< [apiv2][body] GET https://firebase.googleapis.com/v1beta1/projects/cv-david-lopez {"projectId":"cv-david-lopez","projectNumber":"479109319629","displayName":"CV David Lopez","name":"projects/cv-david-lopez","resources":{"hostingSite":"cv-david-lopez"},"state":"ACTIVE","etag":"1_563aceea-1ea0-42f2-8715-44041b480563"}
[info] 
[info] Your public directory is the folder (relative to your project directory) that
[info] will contain Hosting assets to be uploaded with firebase deploy. If you
[info] have a build process for your assets, use your build's output directory.
[info] 
[debug] [2025-06-12T02:33:46.172Z] >>> [apiv2][query] GET https://www.gstatic.com/firebasejs/releases.json [none]
[debug] [2025-06-12T02:33:46.335Z] <<< [apiv2][status] GET https://www.gstatic.com/firebasejs/releases.json 200
[debug] [2025-06-12T02:33:46.335Z] <<< [apiv2][body] GET https://www.gstatic.com/firebasejs/releases.json {"current":{"version":"11.9.1","browserURL":"https://www.gstatic.com/firebasejs/11.9.1/firebase.js","packageURL":"https://www.gstatic.com/firebasejs/11.9.1/firebase.tgz"},"live":{"version":"11.9","browserURL":"https://www.gstatic.com/firebasejs/live/11.9/firebase.js","packageURL":"https://www.gstatic.com/firebasejs/live/11.9/firebase.tgz"},"components":{"ai":"https://www.gstatic.com/firebasejs/11.9.1/firebase-ai.js","analytics":"https://www.gstatic.com/firebasejs/11.9.1/firebase-analytics.js","app":"https://www.gstatic.com/firebasejs/11.9.1/firebase-app.js","app-check":"https://www.gstatic.com/firebasejs/11.9.1/firebase-app-check.js","auth":"https://www.gstatic.com/firebasejs/11.9.1/firebase-auth.js","auth/cordova":"https://www.gstatic.com/firebasejs/11.9.1/firebase-auth/cordova.js","auth/web-extension":"https://www.gstatic.com/firebasejs/11.9.1/firebase-auth/web-extension.js","functions":"https://www.gstatic.com/firebasejs/11.9.1/firebase-functions.js","firestore":"https://www.gstatic.com/firebasejs/11.9.1/firebase-firestore.js","firestore/lite":"https://www.gstatic.com/firebasejs/11.9.1/firebase-firestore/lite.js","installations":"https://www.gstatic.com/firebasejs/11.9.1/firebase-installations.js","storage":"https://www.gstatic.com/firebasejs/11.9.1/firebase-storage.js","performance":"https://www.gstatic.com/firebasejs/11.9.1/firebase-performance.js","remote-config":"https://www.gstatic.com/firebasejs/11.9.1/firebase-remote-config.js","messaging":"https://www.gstatic.com/firebasejs/11.9.1/firebase-messaging.js","messaging/sw":"https://www.gstatic.com/firebasejs/11.9.1/firebase-messaging/sw.js","database":"https://www.gstatic.com/firebasejs/11.9.1/firebase-database.js","vertexai":"https://www.gstatic.com/firebasejs/11.9.1/firebase-vertexai.js","data-connect":"https://www.gstatic.com/firebasejs/11.9.1/firebase-data-connect.js","firestore.memory":"https://www.gstatic.com/firebasejs/11.9.1/firebase-firestore.memory.js"}}
[info] +  Wrote public/index.html 
[info] 
[info] i  Detected a .git folder at C:\Users\uif32567\OneDrive - Continental AG\Desktop\DLC\3.-Earn Learning\2.-Diseño Web\Portfolio-CV\Portfolio-CV 
[info] i  Authorizing with GitHub to upload your service account to a GitHub repository's secrets store. 
[info] 
[info] Visit this URL on this device to log in:
[info] https://github.com/login/oauth/authorize?client_id=89cf50f02ac6aaed3484&state=447618685&redirect_uri=http%3A%2F%2Flocalhost%3A9005&scope=read%3Auser%20repo%20public_repo
[info] 
[info] Waiting for authentication...
